Vivado Simulator v2023.2.2
Copyright 1986-2022 Xilinx, Inc. All Rights Reserved.
Copyright 2022-2023 Advanced Micro Devices, Inc. All Rights Reserved.
Running: F:/FPGA/Vivado23/Vivado/2023.2/bin/unwrapped/win64.o/xelab.exe --incr --debug typical --relax --mt 2 -L xil_defaultlib -L util_vector_logic_v2_0_3 -L sim_clk_gen_v1_0_3 -L unisims_ver -L unimacro_ver -L secureip -L xpm --snapshot top_wrapper_behav xil_defaultlib.top_wrapper xil_defaultlib.glbl -log elaborate.log 
Using 2 slave threads.
Starting static elaboration
Pass Through NonSizing Optimizer
WARNING: [VRFC 10-3091] actual bit length 3 differs from formal bit length 2 for port 'rdAddr' [D:/Desktop/Mul_Freq_DUC/2024-Multi-frequency-DUC/matlab/hdlsrc/DUC/Halfband_Filter_1.v:592]
WARNING: [VRFC 10-3091] actual bit length 3 differs from formal bit length 2 for port 'wrAddr' [D:/Desktop/Mul_Freq_DUC/2024-Multi-frequency-DUC/matlab/hdlsrc/DUC/Halfband_Filter_1.v:725]
WARNING: [VRFC 10-3091] actual bit length 3 differs from formal bit length 2 for port 'rdAddr' [D:/Desktop/Mul_Freq_DUC/2024-Multi-frequency-DUC/matlab/hdlsrc/DUC/Halfband_Filter_1.v:726]
WARNING: [VRFC 10-3091] actual bit length 3 differs from formal bit length 2 for port 'wrAddr' [D:/Desktop/Mul_Freq_DUC/2024-Multi-frequency-DUC/matlab/hdlsrc/DUC/Halfband_Filter_1.v:797]
WARNING: [VRFC 10-3091] actual bit length 3 differs from formal bit length 2 for port 'rdAddr' [D:/Desktop/Mul_Freq_DUC/2024-Multi-frequency-DUC/matlab/hdlsrc/DUC/Halfband_Filter_1.v:798]
WARNING: [VRFC 10-3091] actual bit length 3 differs from formal bit length 2 for port 'wrAddr' [D:/Desktop/Mul_Freq_DUC/2024-Multi-frequency-DUC/matlab/hdlsrc/DUC/Halfband_Filter_1.v:869]
WARNING: [VRFC 10-3091] actual bit length 3 differs from formal bit length 2 for port 'rdAddr' [D:/Desktop/Mul_Freq_DUC/2024-Multi-frequency-DUC/matlab/hdlsrc/DUC/Halfband_Filter_1.v:870]
WARNING: [VRFC 10-3091] actual bit length 3 differs from formal bit length 2 for port 'wrAddr' [D:/Desktop/Mul_Freq_DUC/2024-Multi-frequency-DUC/matlab/hdlsrc/DUC/Halfband_Filter_2.v:475]
WARNING: [VRFC 10-3091] actual bit length 3 differs from formal bit length 2 for port 'rdAddr' [D:/Desktop/Mul_Freq_DUC/2024-Multi-frequency-DUC/matlab/hdlsrc/DUC/Halfband_Filter_2.v:476]
WARNING: [VRFC 10-3091] actual bit length 3 differs from formal bit length 2 for port 'wrAddr' [D:/Desktop/Mul_Freq_DUC/2024-Multi-frequency-DUC/matlab/hdlsrc/DUC/Halfband_Filter_2.v:522]
WARNING: [VRFC 10-3091] actual bit length 3 differs from formal bit length 2 for port 'rdAddr' [D:/Desktop/Mul_Freq_DUC/2024-Multi-frequency-DUC/matlab/hdlsrc/DUC/Halfband_Filter_2.v:523]
WARNING: [VRFC 10-3091] actual bit length 3 differs from formal bit length 2 for port 'wrAddr' [D:/Desktop/Mul_Freq_DUC/2024-Multi-frequency-DUC/matlab/hdlsrc/DUC/Halfband_Filter_2.v:569]
WARNING: [VRFC 10-3091] actual bit length 3 differs from formal bit length 2 for port 'rdAddr' [D:/Desktop/Mul_Freq_DUC/2024-Multi-frequency-DUC/matlab/hdlsrc/DUC/Halfband_Filter_2.v:570]
WARNING: [VRFC 10-3091] actual bit length 3 differs from formal bit length 2 for port 'rdAddr' [D:/Desktop/Mul_Freq_DUC/2024-Multi-frequency-DUC/matlab/hdlsrc/DUC/Halfband_Filter_2.v:592]
WARNING: [VRFC 10-3091] actual bit length 3 differs from formal bit length 2 for port 'wrAddr' [D:/Desktop/Mul_Freq_DUC/2024-Multi-frequency-DUC/matlab/hdlsrc/DUC/Halfband_Filter_2.v:725]
WARNING: [VRFC 10-3091] actual bit length 3 differs from formal bit length 2 for port 'rdAddr' [D:/Desktop/Mul_Freq_DUC/2024-Multi-frequency-DUC/matlab/hdlsrc/DUC/Halfband_Filter_2.v:726]
WARNING: [VRFC 10-3091] actual bit length 3 differs from formal bit length 2 for port 'wrAddr' [D:/Desktop/Mul_Freq_DUC/2024-Multi-frequency-DUC/matlab/hdlsrc/DUC/Halfband_Filter_2.v:797]
WARNING: [VRFC 10-3091] actual bit length 3 differs from formal bit length 2 for port 'rdAddr' [D:/Desktop/Mul_Freq_DUC/2024-Multi-frequency-DUC/matlab/hdlsrc/DUC/Halfband_Filter_2.v:798]
WARNING: [VRFC 10-3091] actual bit length 3 differs from formal bit length 2 for port 'wrAddr' [D:/Desktop/Mul_Freq_DUC/2024-Multi-frequency-DUC/matlab/hdlsrc/DUC/Halfband_Filter_2.v:869]
WARNING: [VRFC 10-3091] actual bit length 3 differs from formal bit length 2 for port 'rdAddr' [D:/Desktop/Mul_Freq_DUC/2024-Multi-frequency-DUC/matlab/hdlsrc/DUC/Halfband_Filter_2.v:870]
Completed static elaboration
Starting simulation data flow analysis
Completed simulation data flow analysis
Time Resolution for simulation is 1ps
Compiling module xil_defaultlib.DitherGen
Compiling module xil_defaultlib.Lookup_Table
Compiling module xil_defaultlib.LookUpTableGen
Compiling module xil_defaultlib.WaveformGen
Compiling module xil_defaultlib.carrier
Compiling module xil_defaultlib.AM_module
Compiling module xil_defaultlib.top_AM_module_0_0
Compiling module xil_defaultlib.DAC_Module
Compiling module xil_defaultlib.top_DAC_Module_0_0
Compiling module xil_defaultlib.DUC_module_tc
Compiling module xil_defaultlib.NCO
Compiling module xil_defaultlib.DitherGen_block
Compiling module xil_defaultlib.Lookup_Table_block
Compiling module xil_defaultlib.LookUpTableGen_block
Compiling module xil_defaultlib.WaveformGen_block
Compiling module xil_defaultlib.NCO1
Compiling module xil_defaultlib.FirRdyLogic_block1
Compiling module xil_defaultlib.SimpleDualPortRAM_generic(AddrWi...
Compiling module xil_defaultlib.Addressable_Delay_Line_block3
Compiling module xil_defaultlib.Addressable_Delay_Line_block4
Compiling module xil_defaultlib.SimpleDualPortRAM_generic(AddrWi...
Compiling module xil_defaultlib.Addressable_Delay_Line_block5
Compiling module xil_defaultlib.FilterTapSystolicPreAdd_block1
Compiling module xil_defaultlib.Halfband_Filter_1
Compiling module xil_defaultlib.FirRdyLogic_block2
Compiling module xil_defaultlib.SimpleDualPortRAM_generic(AddrWi...
Compiling module xil_defaultlib.Addressable_Delay_Line_block6
Compiling module xil_defaultlib.Addressable_Delay_Line_block7
Compiling module xil_defaultlib.Addressable_Delay_Line_block8
Compiling module xil_defaultlib.FilterTapSystolicPreAdd_block2
Compiling module xil_defaultlib.Halfband_Filter_2
Compiling module xil_defaultlib.FirRdyLogic
Compiling module xil_defaultlib.SimpleDualPortRAM_generic(AddrWi...
Compiling module xil_defaultlib.Addressable_Delay_Line
Compiling module xil_defaultlib.Addressable_Delay_Line_block
Compiling module xil_defaultlib.FilterTapSystolicPreAdd
Compiling module xil_defaultlib.CIC_Comp_Filter_1
Compiling module xil_defaultlib.FirRdyLogic_block
Compiling module xil_defaultlib.Addressable_Delay_Line_block1
Compiling module xil_defaultlib.Addressable_Delay_Line_block2
Compiling module xil_defaultlib.FilterTapSystolicPreAdd_block
Compiling module xil_defaultlib.CIC_Comp_Filter_2
Compiling module xil_defaultlib.CIC_1
Compiling module xil_defaultlib.CIC_2
Compiling module xil_defaultlib.DUC_module
Compiling module xil_defaultlib.top_DUC_module_0_0
Compiling module unisims_ver.IBUF
Compiling module unisims_ver.MMCME2_ADV(CLKFBOUT_MULT_F=19.5,...
Compiling module unisims_ver.BUFG
Compiling module xil_defaultlib.top_clk_wiz_0_0_clk_wiz
Compiling module xil_defaultlib.top_clk_wiz_0_0
Compiling module xil_defaultlib.top_ila_0_0
Compiling module sim_clk_gen_v1_0_3.sim_clk_gen(CLOCK_PERIOD=20.0,RE...
Compiling module xil_defaultlib.top_sim_clk_gen_0_0
Compiling module util_vector_logic_v2_0_3.util_vector_logic_v2_0_3_util_ve...
Compiling module xil_defaultlib.top_util_vector_logic_0_0
Compiling module xil_defaultlib.top_util_vector_logic_0_1
Compiling module xil_defaultlib.top
Compiling module xil_defaultlib.top_wrapper
Compiling module xil_defaultlib.glbl
Built simulation snapshot top_wrapper_behav
