INFO: [VRFC 10-2263] Analyzing Verilog file "D:/Desktop/Mul_Freq_DUC/2024-Multi-frequency-DUC/matlab/hdlsrc/DUC/Addressable_Delay_Line.v" into library xil_defaultlib
INFO: [VRFC 10-311] analyzing module Addressable_Delay_Line
INFO: [VRFC 10-2263] Analyzing Verilog file "D:/Desktop/Mul_Freq_DUC/2024-Multi-frequency-DUC/matlab/hdlsrc/DUC/Addressable_Delay_Line_block.v" into library xil_defaultlib
INFO: [VRFC 10-311] analyzing module Addressable_Delay_Line_block
INFO: [VRFC 10-2263] Analyzing Verilog file "D:/Desktop/Mul_Freq_DUC/2024-Multi-frequency-DUC/matlab/hdlsrc/DUC/Addressable_Delay_Line_block1.v" into library xil_defaultlib
INFO: [VRFC 10-311] analyzing module Addressable_Delay_Line_block1
INFO: [VRFC 10-2263] Analyzing Verilog file "D:/Desktop/Mul_Freq_DUC/2024-Multi-frequency-DUC/matlab/hdlsrc/DUC/Addressable_Delay_Line_block2.v" into library xil_defaultlib
INFO: [VRFC 10-311] analyzing module Addressable_Delay_Line_block2
INFO: [VRFC 10-2263] Analyzing Verilog file "D:/Desktop/Mul_Freq_DUC/2024-Multi-frequency-DUC/matlab/hdlsrc/DUC/Addressable_Delay_Line_block3.v" into library xil_defaultlib
INFO: [VRFC 10-311] analyzing module Addressable_Delay_Line_block3
INFO: [VRFC 10-2263] Analyzing Verilog file "D:/Desktop/Mul_Freq_DUC/2024-Multi-frequency-DUC/matlab/hdlsrc/DUC/CIC_1.v" into library xil_defaultlib
INFO: [VRFC 10-311] analyzing module CIC_1
INFO: [VRFC 10-2263] Analyzing Verilog file "D:/Desktop/Mul_Freq_DUC/2024-Multi-frequency-DUC/matlab/hdlsrc/DUC/CIC_2.v" into library xil_defaultlib
INFO: [VRFC 10-311] analyzing module CIC_2
INFO: [VRFC 10-2263] Analyzing Verilog file "D:/Desktop/Mul_Freq_DUC/2024-Multi-frequency-DUC/matlab/hdlsrc/DUC/CIC_Comp_Filter_1.v" into library xil_defaultlib
INFO: [VRFC 10-311] analyzing module CIC_Comp_Filter_1
INFO: [VRFC 10-2263] Analyzing Verilog file "D:/Desktop/Mul_Freq_DUC/2024-Multi-frequency-DUC/matlab/hdlsrc/DUC/CIC_Comp_Filter_2.v" into library xil_defaultlib
INFO: [VRFC 10-311] analyzing module CIC_Comp_Filter_2
INFO: [VRFC 10-2263] Analyzing Verilog file "D:/Desktop/Mul_Freq_DUC/2024-Multi-frequency-DUC/matlab/hdlsrc/DUC/DUC_module_tc.v" into library xil_defaultlib
INFO: [VRFC 10-311] analyzing module DUC_module_tc
INFO: [VRFC 10-2263] Analyzing Verilog file "D:/Desktop/Mul_Freq_DUC/2024-Multi-frequency-DUC/matlab/hdlsrc/DUC/DitherGen.v" into library xil_defaultlib
INFO: [VRFC 10-311] analyzing module DitherGen
INFO: [VRFC 10-2263] Analyzing Verilog file "D:/Desktop/Mul_Freq_DUC/2024-Multi-frequency-DUC/matlab/hdlsrc/DUC/DitherGen_block.v" into library xil_defaultlib
INFO: [VRFC 10-311] analyzing module DitherGen_block
INFO: [VRFC 10-2263] Analyzing Verilog file "D:/Desktop/Mul_Freq_DUC/2024-Multi-frequency-DUC/matlab/hdlsrc/DUC/FilterTapSystolicPreAdd.v" into library xil_defaultlib
INFO: [VRFC 10-311] analyzing module FilterTapSystolicPreAdd
INFO: [VRFC 10-2263] Analyzing Verilog file "D:/Desktop/Mul_Freq_DUC/2024-Multi-frequency-DUC/matlab/hdlsrc/DUC/FilterTapSystolicPreAdd_block.v" into library xil_defaultlib
INFO: [VRFC 10-311] analyzing module FilterTapSystolicPreAdd_block
INFO: [VRFC 10-2263] Analyzing Verilog file "D:/Desktop/Mul_Freq_DUC/2024-Multi-frequency-DUC/matlab/hdlsrc/DUC/FirRdyLogic.v" into library xil_defaultlib
INFO: [VRFC 10-311] analyzing module FirRdyLogic
INFO: [VRFC 10-2263] Analyzing Verilog file "D:/Desktop/Mul_Freq_DUC/2024-Multi-frequency-DUC/matlab/hdlsrc/DUC/FirRdyLogic_block.v" into library xil_defaultlib
INFO: [VRFC 10-311] analyzing module FirRdyLogic_block
INFO: [VRFC 10-2263] Analyzing Verilog file "D:/Desktop/Mul_Freq_DUC/2024-Multi-frequency-DUC/matlab/hdlsrc/DUC/Halfband_Filter_1.v" into library xil_defaultlib
INFO: [VRFC 10-311] analyzing module Halfband_Filter_1
INFO: [VRFC 10-2263] Analyzing Verilog file "D:/Desktop/Mul_Freq_DUC/2024-Multi-frequency-DUC/matlab/hdlsrc/DUC/Halfband_Filter_2.v" into library xil_defaultlib
INFO: [VRFC 10-311] analyzing module Halfband_Filter_2
INFO: [VRFC 10-2263] Analyzing Verilog file "D:/Desktop/Mul_Freq_DUC/2024-Multi-frequency-DUC/matlab/hdlsrc/DUC/LookUpTableGen.v" into library xil_defaultlib
INFO: [VRFC 10-311] analyzing module LookUpTableGen
INFO: [VRFC 10-2263] Analyzing Verilog file "D:/Desktop/Mul_Freq_DUC/2024-Multi-frequency-DUC/matlab/hdlsrc/DUC/LookUpTableGen_block.v" into library xil_defaultlib
INFO: [VRFC 10-311] analyzing module LookUpTableGen_block
INFO: [VRFC 10-2263] Analyzing Verilog file "D:/Desktop/Mul_Freq_DUC/2024-Multi-frequency-DUC/matlab/hdlsrc/DUC/Lookup_Table.v" into library xil_defaultlib
INFO: [VRFC 10-311] analyzing module Lookup_Table
INFO: [VRFC 10-2263] Analyzing Verilog file "D:/Desktop/Mul_Freq_DUC/2024-Multi-frequency-DUC/matlab/hdlsrc/DUC/Lookup_Table_block.v" into library xil_defaultlib
INFO: [VRFC 10-311] analyzing module Lookup_Table_block
INFO: [VRFC 10-2263] Analyzing Verilog file "D:/Desktop/Mul_Freq_DUC/2024-Multi-frequency-DUC/matlab/hdlsrc/DUC/NCO.v" into library xil_defaultlib
INFO: [VRFC 10-311] analyzing module NCO
INFO: [VRFC 10-2263] Analyzing Verilog file "D:/Desktop/Mul_Freq_DUC/2024-Multi-frequency-DUC/matlab/hdlsrc/DUC/NCO1.v" into library xil_defaultlib
INFO: [VRFC 10-311] analyzing module NCO1
INFO: [VRFC 10-2263] Analyzing Verilog file "D:/Desktop/Mul_Freq_DUC/2024-Multi-frequency-DUC/matlab/hdlsrc/DUC/SimpleDualPortRAM_generic.v" into library xil_defaultlib
INFO: [VRFC 10-311] analyzing module SimpleDualPortRAM_generic
INFO: [VRFC 10-2263] Analyzing Verilog file "D:/Desktop/Mul_Freq_DUC/2024-Multi-frequency-DUC/matlab/hdlsrc/DUC/WaveformGen.v" into library xil_defaultlib
INFO: [VRFC 10-311] analyzing module WaveformGen
INFO: [VRFC 10-2263] Analyzing Verilog file "D:/Desktop/Mul_Freq_DUC/2024-Multi-frequency-DUC/matlab/hdlsrc/DUC/WaveformGen_block.v" into library xil_defaultlib
INFO: [VRFC 10-311] analyzing module WaveformGen_block
INFO: [VRFC 10-2263] Analyzing Verilog file "D:/Desktop/Mul_Freq_DUC/2024-Multi-frequency-DUC/matlab/hdlsrc/DUC/DUC_module.v" into library xil_defaultlib
INFO: [VRFC 10-311] analyzing module DUC_module
INFO: [VRFC 10-2263] Analyzing Verilog file "D:/Desktop/Mul_Freq_DUC/2024-Multi-frequency-DUC/matlab/hdlsrc/DUC/carrier.v" into library xil_defaultlib
INFO: [VRFC 10-311] analyzing module carrier
INFO: [VRFC 10-2263] Analyzing Verilog file "D:/Desktop/Mul_Freq_DUC/2024-Multi-frequency-DUC/matlab/hdlsrc/DUC/AM_module.v" into library xil_defaultlib
INFO: [VRFC 10-311] analyzing module AM_module
INFO: [VRFC 10-2263] Analyzing Verilog file "D:/Desktop/Mul_Freq_DUC/2024-Multi-frequency-DUC/vivado/DUC_AM.srcs/sources_1/new/DAC_Module.v" into library xil_defaultlib
INFO: [VRFC 10-311] analyzing module DAC_Module
INFO: [VRFC 10-2263] Analyzing Verilog file "D:/Desktop/Mul_Freq_DUC/2024-Multi-frequency-DUC/vivado/DUC_AM.ip_user_files/bd/top/ip/top_DUC_module_0_0/sim/top_DUC_module_0_0.v" into library xil_defaultlib
INFO: [VRFC 10-311] analyzing module top_DUC_module_0_0
INFO: [VRFC 10-2263] Analyzing Verilog file "D:/Desktop/Mul_Freq_DUC/2024-Multi-frequency-DUC/vivado/DUC_AM.ip_user_files/bd/top/ip/top_AM_module_0_0/sim/top_AM_module_0_0.v" into library xil_defaultlib
INFO: [VRFC 10-311] analyzing module top_AM_module_0_0
INFO: [VRFC 10-2263] Analyzing Verilog file "D:/Desktop/Mul_Freq_DUC/2024-Multi-frequency-DUC/vivado/DUC_AM.ip_user_files/bd/top/ip/top_DAC_Module_0_0/sim/top_DAC_Module_0_0.v" into library xil_defaultlib
INFO: [VRFC 10-311] analyzing module top_DAC_Module_0_0
INFO: [VRFC 10-2263] Analyzing Verilog file "D:/Desktop/Mul_Freq_DUC/2024-Multi-frequency-DUC/vivado/DUC_AM.ip_user_files/bd/top/ip/top_clk_wiz_0_0/top_clk_wiz_0_0_clk_wiz.v" into library xil_defaultlib
INFO: [VRFC 10-311] analyzing module top_clk_wiz_0_0_clk_wiz
INFO: [VRFC 10-2263] Analyzing Verilog file "D:/Desktop/Mul_Freq_DUC/2024-Multi-frequency-DUC/vivado/DUC_AM.ip_user_files/bd/top/ip/top_clk_wiz_0_0/top_clk_wiz_0_0.v" into library xil_defaultlib
INFO: [VRFC 10-311] analyzing module top_clk_wiz_0_0
INFO: [VRFC 10-2263] Analyzing Verilog file "D:/Desktop/Mul_Freq_DUC/2024-Multi-frequency-DUC/vivado/DUC_AM.ip_user_files/bd/top/ip/top_ila_0_0/sim/top_ila_0_0.v" into library xil_defaultlib
INFO: [VRFC 10-311] analyzing module top_ila_0_0
INFO: [VRFC 10-2263] Analyzing Verilog file "D:/Desktop/Mul_Freq_DUC/2024-Multi-frequency-DUC/vivado/DUC_AM.ip_user_files/bd/top/ip/top_util_vector_logic_0_0/sim/top_util_vector_logic_0_0.v" into library xil_defaultlib
INFO: [VRFC 10-311] analyzing module top_util_vector_logic_0_0
INFO: [VRFC 10-2263] Analyzing Verilog file "D:/Desktop/Mul_Freq_DUC/2024-Multi-frequency-DUC/vivado/DUC_AM.ip_user_files/bd/top/ip/top_util_vector_logic_0_1/sim/top_util_vector_logic_0_1.v" into library xil_defaultlib
INFO: [VRFC 10-311] analyzing module top_util_vector_logic_0_1
INFO: [VRFC 10-2263] Analyzing Verilog file "D:/Desktop/Mul_Freq_DUC/2024-Multi-frequency-DUC/vivado/DUC_AM.ip_user_files/bd/top/ip/top_sim_clk_gen_0_0/sim/top_sim_clk_gen_0_0.v" into library xil_defaultlib
INFO: [VRFC 10-311] analyzing module top_sim_clk_gen_0_0
INFO: [VRFC 10-2263] Analyzing Verilog file "D:/Desktop/Mul_Freq_DUC/2024-Multi-frequency-DUC/vivado/DUC_AM.ip_user_files/bd/top/sim/top.v" into library xil_defaultlib
INFO: [VRFC 10-311] analyzing module top
INFO: [VRFC 10-2263] Analyzing Verilog file "D:/Desktop/Mul_Freq_DUC/2024-Multi-frequency-DUC/vivado/DUC_AM.gen/sources_1/bd/top/hdl/top_wrapper.v" into library xil_defaultlib
INFO: [VRFC 10-311] analyzing module top_wrapper
