Copyright 1986-2022 Xilinx, Inc. All Rights Reserved. Copyright 2022-2023 Advanced Micro Devices, Inc. All Rights Reserved.
---------------------------------------------------------------------------------------------------------------------------------------------
| Tool Version : Vivado v.2023.1 (win64) Build 3865809 Sun May  7 15:05:29 MDT 2023
| Date         : Wed Jan 15 20:40:10 2025
| Host         : MOERJIE_PC running 64-bit major release  (build 9200)
| Command      : report_control_sets -verbose -file top_wrapper_control_sets_placed.rpt
| Design       : top_wrapper
| Device       : xc7z020
---------------------------------------------------------------------------------------------------------------------------------------------

Control Set Information

Table of Contents
-----------------
1. Summary
2. Histogram
3. Flip-Flop Distribution
4. Detailed Control Set Information

1. Summary
----------

+----------------------------------------------------------+-------+
|                          Status                          | Count |
+----------------------------------------------------------+-------+
| Total control sets                                       |   119 |
|    Minimum number of control sets                        |   119 |
|    Addition due to synthesis replication                 |     0 |
|    Addition due to physical synthesis replication        |     0 |
| Unused register locations in slices containing registers |   224 |
+----------------------------------------------------------+-------+
* Control sets can be merged at opt_design using control_set_merge or merge_equivalent_drivers
** Run report_qor_suggestions for automated merging and remapping suggestions


2. Histogram
------------

+--------------------+-------+
|       Fanout       | Count |
+--------------------+-------+
| Total control sets |   119 |
| >= 0 to < 4        |     5 |
| >= 4 to < 6        |    10 |
| >= 6 to < 8        |     5 |
| >= 8 to < 10       |     6 |
| >= 10 to < 12      |     1 |
| >= 12 to < 14      |     7 |
| >= 14 to < 16      |     2 |
| >= 16              |    83 |
+--------------------+-------+
* Control sets can be remapped at either synth_design or opt_design


3. Flip-Flop Distribution
-------------------------

+--------------+-----------------------+------------------------+-----------------+--------------+
| Clock Enable | Synchronous Set/Reset | Asynchronous Set/Reset | Total Registers | Total Slices |
+--------------+-----------------------+------------------------+-----------------+--------------+
| No           | No                    | No                     |             717 |          185 |
| No           | No                    | Yes                    |              56 |           13 |
| No           | Yes                   | No                     |            3259 |          730 |
| Yes          | No                    | No                     |             339 |           79 |
| Yes          | No                    | Yes                    |               0 |            0 |
| Yes          | Yes                   | No                     |            1373 |          318 |
+--------------+-----------------------+------------------------+-----------------+--------------+


4. Detailed Control Set Information
-----------------------------------

+--------------------------------------------+-----------------------------------------------------------------------------------------------------------------------------------------------------------+--------------------------------------------------------------------------------------------------------------------------------------------------+------------------+----------------+--------------+
|                Clock Signal                |                                                                       Enable Signal                                                                       |                                                                 Set/Reset Signal                                                                 | Slice Load Count | Bel Load Count | Bels / Slice |
+--------------------------------------------+-----------------------------------------------------------------------------------------------------------------------------------------------------------+--------------------------------------------------------------------------------------------------------------------------------------------------+------------------+----------------+--------------+
|  top_i/processing_system7_0/inst/FCLK_CLK0 | top_i/ps7_0_axi_periph/s00_couplers/auto_pc/inst/gen_axilite.gen_b2s_conv.axilite_b2s/WR.aw_channel_0/aw_cmd_fsm_0/FSM_sequential_state_reg[0]_1          | top_i/ps7_0_axi_periph/s00_couplers/auto_pc/inst/gen_axilite.gen_b2s_conv.axilite_b2s/WR.aw_channel_0/aw_cmd_fsm_0/FSM_sequential_state_reg[0]_0 |                1 |              1 |         1.00 |
|  top_i/processing_system7_0/inst/FCLK_CLK0 |                                                                                                                                                           | top_i/duc/DUC_module_0/inst/u_Halfband_Filter_2/coeffTableRegP2_1[0]_i_1_n_0                                                                     |                1 |              1 |         1.00 |
|  top_i/processing_system7_0/inst/FCLK_CLK0 | top_i/ps7_0_axi_periph/s00_couplers/auto_pc/inst/gen_axilite.gen_b2s_conv.axilite_b2s/WR.b_channel_0/bid_fifo_0/sel                                       |                                                                                                                                                  |                1 |              2 |         2.00 |
|  top_i/processing_system7_0/inst/FCLK_CLK0 |                                                                                                                                                           | top_i/duc/DUC_module_0/inst/u_Halfband_Filter_1/coeffTableRegP2_1[1]_i_1__1_n_0                                                                  |                1 |              2 |         2.00 |
|  top_i/processing_system7_0/inst/FCLK_CLK0 |                                                                                                                                                           | top_i/duc/DUC_module_0/inst/u_Halfband_Filter_1/coeffTableRegP1_1[5]_i_1__1_n_0                                                                  |                1 |              2 |         2.00 |
|  top_i/processing_system7_0/inst/FCLK_CLK0 | top_i/ps7_0_axi_periph/s00_couplers/auto_pc/inst/gen_axilite.gen_b2s_conv.axilite_b2s/RD.ar_channel_0/ar_cmd_fsm_0/m_axi_arready_2                        | top_i/ps7_0_axi_periph/s00_couplers/auto_pc/inst/gen_axilite.gen_b2s_conv.axilite_b2s/RD.ar_channel_0/ar_cmd_fsm_0/FSM_sequential_state_reg[1]_0 |                2 |              4 |         2.00 |
|  top_i/processing_system7_0/inst/FCLK_CLK0 |                                                                                                                                                           | top_i/duc/DUC_module_0/inst/u_DUC_module_tc/count25[1]                                                                                           |                1 |              4 |         4.00 |
|  top_i/processing_system7_0/inst/FCLK_CLK0 |                                                                                                                                                           | top_i/rst_ps7_0_120M/U0/EXT_LPF/lpf_int                                                                                                          |                3 |              4 |         1.33 |
|  top_i/processing_system7_0/inst/FCLK_CLK0 |                                                                                                                                                           | top_i/axi_gpio_0/U0/AXI_LITE_IPIF_I/I_SLAVE_ATTACHMENT/clear                                                                                     |                1 |              4 |         4.00 |
|  top_i/processing_system7_0/inst/FCLK_CLK0 |                                                                                                                                                           | top_i/ps7_0_axi_periph/s00_couplers/auto_pc/inst/gen_axilite.gen_b2s_conv.axilite_b2s/SI_REG/ar.ar_pipe/aresetn_d_reg[1]_inv_0                   |                1 |              4 |         4.00 |
|  top_i/processing_system7_0/inst/FCLK_CLK0 | top_i/axi_gpio_0/U0/AXI_LITE_IPIF_I/I_SLAVE_ATTACHMENT/start2                                                                                             | top_i/axi_gpio_0/U0/AXI_LITE_IPIF_I/I_SLAVE_ATTACHMENT/I_DECODER/cs_ce_clr                                                                       |                2 |              4 |         2.00 |
|  top_i/processing_system7_0/inst/FCLK_CLK0 | top_i/axi_gpio_0/U0/AXI_LITE_IPIF_I/I_SLAVE_ATTACHMENT/bus2ip_addr_i[8]_i_1_n_0                                                                           | top_i/axi_gpio_0/U0/AXI_LITE_IPIF_I/I_SLAVE_ATTACHMENT/SR[0]                                                                                     |                1 |              4 |         4.00 |
|  top_i/processing_system7_0/inst/FCLK_CLK0 |                                                                                                                                                           | top_i/ps7_0_axi_periph/s00_couplers/auto_pc/inst/gen_axilite.gen_b2s_conv.axilite_b2s/SI_REG/aw.aw_pipe/aresetn_d_reg[0]_0                       |                1 |              4 |         4.00 |
|  top_i/processing_system7_0/inst/FCLK_CLK0 | top_i/ps7_0_axi_periph/s00_couplers/auto_pc/inst/gen_axilite.gen_b2s_conv.axilite_b2s/RD.r_channel_0/transaction_fifo_0/cnt_read[4]_i_1_n_0               | top_i/ps7_0_axi_periph/s00_couplers/auto_pc/inst/gen_axilite.gen_b2s_conv.axilite_b2s/areset_d1                                                  |                1 |              5 |         5.00 |
|  top_i/processing_system7_0/inst/FCLK_CLK0 | top_i/ps7_0_axi_periph/s00_couplers/auto_pc/inst/gen_axilite.gen_b2s_conv.axilite_b2s/RD.r_channel_0/rd_data_fifo_0/cnt_read[4]_i_1__0_n_0                | top_i/ps7_0_axi_periph/s00_couplers/auto_pc/inst/gen_axilite.gen_b2s_conv.axilite_b2s/areset_d1                                                  |                2 |              5 |         2.50 |
|  top_i/processing_system7_0/inst/FCLK_CLK0 | top_i/duc/DUC_module_0/inst/u_Halfband_Filter_1/u_firRdyLogic/E[0]                                                                                        | top_i/duc/DUC_module_0/inst/u_CIC_2/RSTP                                                                                                         |                1 |              6 |         6.00 |
|  top_i/processing_system7_0/inst/FCLK_CLK0 | top_i/duc/DUC_module_0/inst/u_Halfband_Filter_2/u_firRdyLogic/E[0]                                                                                        | top_i/duc/DUC_module_0/inst/u_CIC_2/RSTP                                                                                                         |                2 |              6 |         3.00 |
|  top_i/processing_system7_0/inst/FCLK_CLK0 | top_i/duc/DUC_module_0/inst/u_CIC_Comp_Filter_2/u_firRdyLogic/E[0]                                                                                        | top_i/duc/DUC_module_0/inst/u_CIC_2/RSTP                                                                                                         |                2 |              6 |         3.00 |
|  top_i/processing_system7_0/inst/FCLK_CLK0 | top_i/duc/DUC_module_0/inst/u_CIC_Comp_Filter_1/u_firRdyLogic/E[0]                                                                                        | top_i/duc/DUC_module_0/inst/u_CIC_2/RSTP                                                                                                         |                2 |              6 |         3.00 |
|  top_i/processing_system7_0/inst/FCLK_CLK0 | top_i/rst_ps7_0_120M/U0/SEQ/seq_cnt_en                                                                                                                    | top_i/rst_ps7_0_120M/U0/SEQ/SEQ_COUNTER/clear                                                                                                    |                1 |              6 |         6.00 |
|  top_i/processing_system7_0/inst/FCLK_CLK0 | top_i/ps7_0_axi_periph/s00_couplers/auto_pc/inst/gen_axilite.gen_b2s_conv.axilite_b2s/WR.b_channel_0/mhandshake_r                                         | top_i/ps7_0_axi_periph/s00_couplers/auto_pc/inst/gen_axilite.gen_b2s_conv.axilite_b2s/WR.b_channel_0/bid_fifo_0/SR[0]                            |                2 |              8 |         4.00 |
|  top_i/processing_system7_0/inst/FCLK_CLK0 |                                                                                                                                                           | top_i/axi_gpio_0/U0/gpio_core_1/Read_Reg_Rst__0                                                                                                  |                1 |              8 |         8.00 |
|  top_i/processing_system7_0/inst/FCLK_CLK0 | top_i/duc/Signal_Source_module_0/inst/u_Painter/HDL_Counter_out1                                                                                          | top_i/duc/Signal_Source_module_0/inst/u_Painter/HDL_Counter_out1[7]_i_1_n_0                                                                      |                3 |              8 |         2.67 |
|  top_i/processing_system7_0/inst/FCLK_CLK0 | top_i/axi_gpio_0/U0/AXI_LITE_IPIF_I/I_SLAVE_ATTACHMENT/I_DECODER/E[0]                                                                                     | top_i/axi_gpio_0/U0/AXI_LITE_IPIF_I/I_SLAVE_ATTACHMENT/SR[0]                                                                                     |                2 |              8 |         4.00 |
|  top_i/processing_system7_0/inst/FCLK_CLK0 |                                                                                                                                                           | top_i/duc/DUC_module_0/inst/u_DUC_module_tc/count625[1]                                                                                          |                3 |              9 |         3.00 |
|  top_i/processing_system7_0/inst/FCLK_CLK0 | top_i/axi_gpio_0/U0/AXI_LITE_IPIF_I/I_SLAVE_ATTACHMENT/s_axi_rresp_i                                                                                      | top_i/axi_gpio_0/U0/AXI_LITE_IPIF_I/I_SLAVE_ATTACHMENT/SR[0]                                                                                     |                2 |              9 |         4.50 |
|  top_i/processing_system7_0/inst/FCLK_CLK0 |                                                                                                                                                           | top_i/ps7_0_axi_periph/s00_couplers/auto_pc/inst/gen_axilite.gen_b2s_conv.axilite_b2s/areset_d1                                                  |                3 |             10 |         3.33 |
|  top_i/processing_system7_0/inst/FCLK_CLK0 | top_i/ps7_0_axi_periph/s00_couplers/auto_pc/inst/gen_axilite.gen_b2s_conv.axilite_b2s/WR.aw_channel_0/cmd_translator_0/incr_cmd_0/axaddr_incr[11]_i_1_n_0 |                                                                                                                                                  |                3 |             12 |         4.00 |
|  top_i/processing_system7_0/inst/FCLK_CLK0 | top_i/ps7_0_axi_periph/s00_couplers/auto_pc/inst/gen_axilite.gen_b2s_conv.axilite_b2s/WR.aw_channel_0/aw_cmd_fsm_0/m_valid_i_reg[0]                       |                                                                                                                                                  |                4 |             12 |         3.00 |
|  top_i/processing_system7_0/inst/FCLK_CLK0 |                                                                                                                                                           | top_i/duc/Signal_Source_module_0/inst/u_single_tone_500_1k/Counter_Limited1_out1[0]_i_1_n_0                                                      |                3 |             12 |         4.00 |
|  top_i/processing_system7_0/inst/FCLK_CLK0 |                                                                                                                                                           | top_i/duc/Signal_Source_module_0/inst/u_Painter/Counter_Limited_out1[0]_i_1_n_0                                                                  |                3 |             12 |         4.00 |
|  top_i/processing_system7_0/inst/FCLK_CLK0 | top_i/ps7_0_axi_periph/s00_couplers/auto_pc/inst/gen_axilite.gen_b2s_conv.axilite_b2s/RD.ar_channel_0/ar_cmd_fsm_0/sel_first_reg[0]                       |                                                                                                                                                  |                2 |             12 |         6.00 |
|  top_i/processing_system7_0/inst/FCLK_CLK0 | top_i/ps7_0_axi_periph/s00_couplers/auto_pc/inst/gen_axilite.gen_b2s_conv.axilite_b2s/RD.ar_channel_0/ar_cmd_fsm_0/E[0]                                   |                                                                                                                                                  |                4 |             12 |         3.00 |
|  top_i/processing_system7_0/inst/FCLK_CLK0 | top_i/ps7_0_axi_periph/s00_couplers/auto_pc/inst/gen_axilite.gen_b2s_conv.axilite_b2s/RD.r_channel_0/r_push_r                                             |                                                                                                                                                  |                4 |             13 |         3.25 |
|  top_i/processing_system7_0/inst/FCLK_CLK0 | top_i/ps7_0_axi_periph/s00_couplers/auto_pc/inst/gen_axilite.gen_b2s_conv.axilite_b2s/SI_REG/b.b_pipe/p_1_in                                              |                                                                                                                                                  |                2 |             14 |         7.00 |
|  top_i/processing_system7_0/inst/FCLK_CLK0 | top_i/ps7_0_axi_periph/s00_couplers/auto_pc/inst/gen_axilite.gen_b2s_conv.axilite_b2s/SI_REG/b.b_pipe/s_ready_i_reg_0                                     |                                                                                                                                                  |                2 |             14 |         7.00 |
|  top_i/processing_system7_0/inst/FCLK_CLK0 | top_i/duc/Signal_Source_module_0/inst/u_Painter/HDL_Counter1_out1                                                                                         | top_i/duc/Signal_Source_module_0/inst/u_Painter/HDL_Counter1_out1[0]_i_1_n_0                                                                     |                4 |             16 |         4.00 |
|  top_i/processing_system7_0/inst/FCLK_CLK0 |                                                                                                                                                           | top_i/duc/DUC_module_0/inst/u_Halfband_Filter_1/u_delayLine3/dataOut_1[15]_i_1__0_n_0                                                            |                2 |             16 |         8.00 |
|  top_i/processing_system7_0/inst/FCLK_CLK0 | top_i/duc/DUC_module_0/inst/u_CIC_Comp_Filter_1/u_delayLine5/E[0]                                                                                         | top_i/duc/DUC_module_0/inst/u_CIC_2/RSTP                                                                                                         |                3 |             16 |         5.33 |
|  top_i/processing_system7_0/inst/FCLK_CLK0 |                                                                                                                                                           | top_i/duc/DUC_module_0/inst/u_Halfband_Filter_2/u_delayLine3/dataOut_1[15]_i_1_n_0                                                               |                3 |             16 |         5.33 |
|  top_i/processing_system7_0/inst/FCLK_CLK0 | top_i/duc/DUC_module_0/inst/u_CIC_Comp_Filter_2/u_delayLine5/E[0]                                                                                         | top_i/duc/DUC_module_0/inst/u_CIC_2/RSTP                                                                                                         |                2 |             16 |         8.00 |
|  top_i/processing_system7_0/inst/FCLK_CLK0 | top_i/duc/DUC_module_0/inst/u_Halfband_Filter_1/delayLineShiftEn3_1                                                                                       | top_i/duc/DUC_module_0/inst/u_CIC_2/RSTP                                                                                                         |                3 |             16 |         5.33 |
|  top_i/processing_system7_0/inst/FCLK_CLK0 | top_i/duc/DUC_module_0/inst/u_CIC_Comp_Filter_2/CIC_Comp_Filter_2_out2                                                                                    | top_i/duc/DUC_module_0/inst/u_CIC_2/RSTP                                                                                                         |                3 |             16 |         5.33 |
|  top_i/processing_system7_0/inst/FCLK_CLK0 | top_i/duc/DUC_module_0/inst/u_Halfband_Filter_2/u_delayLine0/delayLineEnd_1[15]_i_1__2_n_0                                                                | top_i/duc/DUC_module_0/inst/u_CIC_2/RSTP                                                                                                         |                3 |             16 |         5.33 |
|  top_i/processing_system7_0/inst/FCLK_CLK0 | top_i/duc/DUC_module_0/inst/u_Halfband_Filter_2/u_delayLine6/E[0]                                                                                         | top_i/duc/DUC_module_0/inst/u_CIC_2/RSTP                                                                                                         |                3 |             16 |         5.33 |
|  top_i/processing_system7_0/inst/FCLK_CLK0 |                                                                                                                                                           | top_i/duc/Signal_Source_module_0/inst/u_Painter/u_NCO/sine_1[15]_i_1__0_n_0                                                                      |                4 |             16 |         4.00 |
|  top_i/processing_system7_0/inst/FCLK_CLK0 | top_i/duc/DUC_module_0/inst/u_Halfband_Filter_1/u_delayLine1/delayLineEnd_1[15]_i_1__0_n_0                                                                | top_i/duc/DUC_module_0/inst/u_CIC_2/RSTP                                                                                                         |                3 |             16 |         5.33 |
|  top_i/processing_system7_0/inst/FCLK_CLK0 | top_i/duc/DUC_module_0/inst/u_DUC_module_tc/phase_2                                                                                                       | top_i/duc/DUC_module_0/inst/u_CIC_2/RSTP                                                                                                         |                3 |             16 |         5.33 |
|  top_i/processing_system7_0/inst/FCLK_CLK0 | top_i/duc/DUC_module_0/inst/u_CIC_Comp_Filter_1/u_delayLine0/delayLineEnd_1[15]_i_1__5_n_0                                                                | top_i/duc/DUC_module_0/inst/u_CIC_2/RSTP                                                                                                         |                3 |             16 |         5.33 |
|  top_i/processing_system7_0/inst/FCLK_CLK0 | top_i/duc/DUC_module_0/inst/u_CIC_Comp_Filter_1/u_delayLine1/delayLineEnd_1[15]_i_1__6_n_0                                                                | top_i/duc/DUC_module_0/inst/u_CIC_2/RSTP                                                                                                         |                3 |             16 |         5.33 |
|  top_i/processing_system7_0/inst/FCLK_CLK0 | top_i/ps7_0_axi_periph/s00_couplers/auto_pc/inst/gen_axilite.gen_b2s_conv.axilite_b2s/WR.aw_channel_0/aw_cmd_fsm_0/m_axi_awready_0                        |                                                                                                                                                  |                3 |             16 |         5.33 |
|  top_i/processing_system7_0/inst/FCLK_CLK0 | top_i/duc/DUC_module_0/inst/u_Halfband_Filter_1/u_delayLine0/delayLineEnd_1[15]_i_1_n_0                                                                   | top_i/duc/DUC_module_0/inst/u_CIC_2/RSTP                                                                                                         |                3 |             16 |         5.33 |
|  top_i/processing_system7_0/inst/FCLK_CLK0 | top_i/duc/DUC_module_0/inst/u_Halfband_Filter_1/validOutLookahead_1                                                                                       | top_i/duc/DUC_module_0/inst/u_CIC_2/RSTP                                                                                                         |                3 |             16 |         5.33 |
|  top_i/processing_system7_0/inst/FCLK_CLK0 | top_i/duc/DUC_module_0/inst/u_CIC_Comp_Filter_1/validOutLookahead_1                                                                                       | top_i/duc/DUC_module_0/inst/u_CIC_2/RSTP                                                                                                         |                2 |             16 |         8.00 |
|  top_i/processing_system7_0/inst/FCLK_CLK0 | top_i/duc/DUC_module_0/inst/u_Halfband_Filter_1/u_delayLine6/E[0]                                                                                         | top_i/duc/DUC_module_0/inst/u_CIC_2/RSTP                                                                                                         |                3 |             16 |         5.33 |
|  top_i/processing_system7_0/inst/FCLK_CLK0 | top_i/duc/DUC_module_0/inst/u_Halfband_Filter_2/u_delayLine1/delayLineEnd_1[15]_i_1__3_n_0                                                                | top_i/duc/DUC_module_0/inst/u_CIC_2/RSTP                                                                                                         |                3 |             16 |         5.33 |
|  top_i/processing_system7_0/inst/FCLK_CLK0 | top_i/duc/DUC_module_0/inst/u_Halfband_Filter_2/validOutLookahead_1                                                                                       | top_i/duc/DUC_module_0/inst/u_CIC_2/RSTP                                                                                                         |                3 |             16 |         5.33 |
|  top_i/processing_system7_0/inst/FCLK_CLK0 | top_i/duc/DUC_module_0/inst/u_Halfband_Filter_2/delayLineShiftEn3_1                                                                                       | top_i/duc/DUC_module_0/inst/u_CIC_2/RSTP                                                                                                         |                2 |             16 |         8.00 |
|  top_i/processing_system7_0/inst/FCLK_CLK0 | top_i/duc/DUC_module_0/inst/u_CIC_Comp_Filter_2/validOutLookahead_1                                                                                       | top_i/duc/DUC_module_0/inst/u_CIC_2/RSTP                                                                                                         |                4 |             16 |         4.00 |
|  top_i/processing_system7_0/inst/FCLK_CLK0 | top_i/duc/DUC_module_0/inst/stateControl_4                                                                                                                | top_i/duc/DUC_module_0/inst/u_Halfband_Filter_1/rst_n_0                                                                                          |                4 |             16 |         4.00 |
|  top_i/processing_system7_0/inst/FCLK_CLK0 | top_i/duc/DUC_module_0/inst/stateControl_4                                                                                                                | top_i/duc/DUC_module_0/inst/HDL_Counter_out1[0]_i_1_n_0                                                                                          |                4 |             16 |         4.00 |
|  top_i/processing_system7_0/inst/FCLK_CLK0 | top_i/duc/DUC_module_0/inst/u_CIC_Comp_Filter_2/u_delayLine1/delayLineEnd_1[15]_i_1__9_n_0                                                                | top_i/duc/DUC_module_0/inst/u_CIC_2/RSTP                                                                                                         |                3 |             16 |         5.33 |
|  top_i/processing_system7_0/inst/FCLK_CLK0 | top_i/duc/DUC_module_0/inst/u_CIC_Comp_Filter_2/u_delayLine0/delayLineEnd_1[15]_i_1__8_n_0                                                                | top_i/duc/DUC_module_0/inst/u_CIC_2/RSTP                                                                                                         |                3 |             16 |         5.33 |
|  top_i/processing_system7_0/inst/FCLK_CLK0 | top_i/duc/DUC_module_0/inst/u_Halfband_Filter_1/u_firRdyLogic/firRdy_xdinVld                                                                              | top_i/duc/DUC_module_0/inst/u_CIC_2/RSTP                                                                                                         |                7 |             17 |         2.43 |
|  top_i/processing_system7_0/inst/FCLK_CLK0 | top_i/duc/DUC_module_0/inst/u_CIC_Comp_Filter_2/u_firRdyLogic/firRdy_xdinVld                                                                              | top_i/duc/DUC_module_0/inst/u_CIC_2/RSTP                                                                                                         |                8 |             17 |         2.12 |
|  top_i/processing_system7_0/inst/FCLK_CLK0 | top_i/duc/DUC_module_0/inst/u_Halfband_Filter_2/u_firRdyLogic/firRdy_xdinVld                                                                              | top_i/duc/DUC_module_0/inst/u_CIC_2/RSTP                                                                                                         |                8 |             17 |         2.12 |
|  top_i/processing_system7_0/inst/FCLK_CLK0 | top_i/duc/DUC_module_0/inst/u_CIC_Comp_Filter_1/u_firRdyLogic/firRdy_xdinVld                                                                              | top_i/duc/DUC_module_0/inst/u_CIC_2/RSTP                                                                                                         |                7 |             17 |         2.43 |
|  top_i/processing_system7_0/inst/FCLK_CLK0 | top_i/duc/DUC_module_0/inst/u_DUC_module_tc/phase_1                                                                                                       | top_i/duc/DUC_module_0/inst/u_CIC_2/RSTP                                                                                                         |                5 |             20 |         4.00 |
|  top_i/processing_system7_0/inst/FCLK_CLK0 | top_i/duc/DUC_module_0/inst/u_CIC_2/stateControl_10                                                                                                       | top_i/duc/DUC_module_0/inst/u_CIC_2/RSTP                                                                                                         |                5 |             20 |         4.00 |
|  top_i/processing_system7_0/inst/FCLK_CLK0 | top_i/ps7_0_axi_periph/s00_couplers/auto_pc/inst/gen_axilite.gen_b2s_conv.axilite_b2s/RD.ar_channel_0/ar_cmd_fsm_0/m_axi_arready_2                        |                                                                                                                                                  |                7 |             21 |         3.00 |
|  top_i/processing_system7_0/inst/FCLK_CLK0 | top_i/duc/DUC_module_0/inst/u_CIC_Comp_Filter_2/u_firRdyLogic/p_0_in                                                                                      |                                                                                                                                                  |                3 |             24 |         8.00 |
|  top_i/processing_system7_0/inst/FCLK_CLK0 | top_i/duc/DUC_module_0/inst/u_CIC_Comp_Filter_1/delayLineShiftEn3_1_reg_n_0                                                                               |                                                                                                                                                  |                3 |             24 |         8.00 |
|  top_i/processing_system7_0/inst/FCLK_CLK0 | top_i/duc/DUC_module_0/inst/u_Halfband_Filter_2/u_firRdyLogic/p_0_in                                                                                      |                                                                                                                                                  |                3 |             24 |         8.00 |
|  top_i/processing_system7_0/inst/FCLK_CLK0 | top_i/duc/DUC_module_0/inst/u_CIC_2/stateControl_7                                                                                                        | top_i/duc/DUC_module_0/inst/u_CIC_2/RSTP                                                                                                         |                6 |             24 |         4.00 |
|  top_i/processing_system7_0/inst/FCLK_CLK0 | top_i/duc/DUC_module_0/inst/u_Halfband_Filter_2/delayLineShiftEn3_1                                                                                       |                                                                                                                                                  |                3 |             24 |         8.00 |
|  top_i/processing_system7_0/inst/FCLK_CLK0 | top_i/duc/DUC_module_0/inst/u_Halfband_Filter_1/delayLineShiftEn3_1                                                                                       |                                                                                                                                                  |                3 |             24 |         8.00 |
|  top_i/processing_system7_0/inst/FCLK_CLK0 | top_i/ps7_0_axi_periph/s00_couplers/auto_pc/inst/gen_axilite.gen_b2s_conv.axilite_b2s/WR.aw_channel_0/aw_cmd_fsm_0/FSM_sequential_state_reg[0]_1          |                                                                                                                                                  |               10 |             24 |         2.40 |
|  top_i/processing_system7_0/inst/FCLK_CLK0 | top_i/duc/DUC_module_0/inst/u_Halfband_Filter_1/u_firRdyLogic/p_0_in                                                                                      |                                                                                                                                                  |                3 |             24 |         8.00 |
|  top_i/processing_system7_0/inst/FCLK_CLK0 |                                                                                                                                                           | top_i/axi_gpio_0/U0/AXI_LITE_IPIF_I/I_SLAVE_ATTACHMENT/SR[0]                                                                                     |                8 |             24 |         3.00 |
|  top_i/processing_system7_0/inst/FCLK_CLK0 | top_i/duc/DUC_module_0/inst/u_CIC_Comp_Filter_2/delayLineShiftEn3_1_reg_n_0                                                                               |                                                                                                                                                  |                3 |             24 |         8.00 |
|  top_i/processing_system7_0/inst/FCLK_CLK0 | top_i/duc/DUC_module_0/inst/u_CIC_Comp_Filter_1/u_firRdyLogic/p_0_in                                                                                      |                                                                                                                                                  |                3 |             24 |         8.00 |
|  top_i/processing_system7_0/inst/FCLK_CLK0 |                                                                                                                                                           | top_i/duc/DAC_module_1/inst/SIGNAL_OUT[13]_i_1_n_0                                                                                               |                8 |             28 |         3.50 |
|  top_i/processing_system7_0/inst/FCLK_CLK0 |                                                                                                                                                           | top_i/duc/DAC_module_0/inst/SIGNAL_OUT[13]_i_1_n_0                                                                                               |                5 |             28 |         5.60 |
|  top_i/processing_system7_0/inst/FCLK_CLK0 | top_i/duc/DUC_module_0/inst/u_CIC_2/stateControl_5                                                                                                        | top_i/duc/DUC_module_0/inst/u_CIC_2/RSTP                                                                                                         |                7 |             28 |         4.00 |
|  top_i/processing_system7_0/inst/FCLK_CLK0 | top_i/duc/DUC_module_0/inst/u_CIC_2/stateControl_3                                                                                                        | top_i/duc/DUC_module_0/inst/u_CIC_2/RSTP                                                                                                         |                8 |             31 |         3.88 |
|  top_i/processing_system7_0/inst/FCLK_CLK0 | top_i/duc/DUC_module_0/inst/u_CIC_Comp_Filter_1/u_delayLine4/dataOutReg_reg[0][15]_i_1__4_n_0                                                             | top_i/duc/DUC_module_0/inst/u_CIC_2/RSTP                                                                                                         |                5 |             32 |         6.40 |
|  top_i/processing_system7_0/inst/FCLK_CLK0 | top_i/duc/DUC_module_0/inst/u_CIC_Comp_Filter_2/u_delayLine4/dataOutReg_reg[0][15]_i_1__6_n_0                                                             | top_i/duc/DUC_module_0/inst/u_CIC_2/RSTP                                                                                                         |                5 |             32 |         6.40 |
|  top_i/processing_system7_0/inst/FCLK_CLK0 | top_i/duc/DUC_module_0/inst/u_Halfband_Filter_2/u_delayLine5/dataOutReg_reg[0][15]_i_1__2_n_0                                                             | top_i/duc/DUC_module_0/inst/u_CIC_2/RSTP                                                                                                         |                5 |             32 |         6.40 |
|  top_i/processing_system7_0/inst/FCLK_CLK0 | top_i/duc/DUC_module_0/inst/u_CIC_Comp_Filter_2/u_delayLine3/dataOutReg_reg[0][15]_i_1__5_n_0                                                             | top_i/duc/DUC_module_0/inst/u_CIC_2/RSTP                                                                                                         |                6 |             32 |         5.33 |
|  top_i/processing_system7_0/inst/FCLK_CLK0 | top_i/duc/DUC_module_0/inst/u_Halfband_Filter_2/u_delayLine4/dataOutReg_reg[0][15]_i_1__1_n_0                                                             | top_i/duc/DUC_module_0/inst/u_CIC_2/RSTP                                                                                                         |                5 |             32 |         6.40 |
|  top_i/processing_system7_0/inst/FCLK_CLK0 | top_i/duc/DUC_module_0/inst/u_Halfband_Filter_1/u_delayLine5/dataOutReg_reg[0][15]_i_1__0_n_0                                                             | top_i/duc/DUC_module_0/inst/u_CIC_2/RSTP                                                                                                         |                6 |             32 |         5.33 |
|  top_i/processing_system7_0/inst/FCLK_CLK0 | top_i/duc/DUC_module_0/inst/u_Halfband_Filter_1/u_delayLine4/dataOutReg_reg[0][15]_i_1_n_0                                                                | top_i/duc/DUC_module_0/inst/u_CIC_2/RSTP                                                                                                         |                6 |             32 |         5.33 |
|  top_i/processing_system7_0/inst/FCLK_CLK0 | top_i/duc/DUC_module_0/inst/u_CIC_Comp_Filter_1/u_delayLine3/dataOutReg_reg[0][15]_i_1__3_n_0                                                             | top_i/duc/DUC_module_0/inst/u_CIC_2/RSTP                                                                                                         |                4 |             32 |         8.00 |
|  top_i/processing_system7_0/inst/FCLK_CLK0 | top_i/ps7_0_axi_periph/s00_couplers/auto_pc/inst/gen_axilite.gen_b2s_conv.axilite_b2s/WR.aw_channel_0/aw_cmd_fsm_0/E[0]                                   |                                                                                                                                                  |                6 |             32 |         5.33 |
|  top_i/processing_system7_0/inst/FCLK_CLK0 |                                                                                                                                                           | top_i/duc/Signal_Source_module_0/inst/u_single_tone_500_1k/u_NCO2/SR[0]                                                                          |               10 |             32 |         3.20 |
|  top_i/processing_system7_0/inst/FCLK_CLK0 | top_i/ps7_0_axi_periph/s00_couplers/auto_pc/inst/gen_axilite.gen_b2s_conv.axilite_b2s/RD.r_channel_0/rd_data_fifo_0/wr_en0                                |                                                                                                                                                  |                9 |             32 |         3.56 |
|  top_i/processing_system7_0/inst/FCLK_CLK0 | top_i/ps7_0_axi_periph/s00_couplers/auto_pc/inst/gen_axilite.gen_b2s_conv.axilite_b2s/SI_REG/ar.ar_pipe/s_ready_i_reg_0                                   |                                                                                                                                                  |                9 |             32 |         3.56 |
|  top_i/processing_system7_0/inst/FCLK_CLK0 | top_i/ps7_0_axi_periph/s00_couplers/auto_pc/inst/gen_axilite.gen_b2s_conv.axilite_b2s/SI_REG/aw.aw_pipe/s_ready_i_reg_0                                   |                                                                                                                                                  |                7 |             32 |         4.57 |
|  top_i/processing_system7_0/inst/FCLK_CLK0 | top_i/ps7_0_axi_periph/s00_couplers/auto_pc/inst/gen_axilite.gen_b2s_conv.axilite_b2s/RD.ar_channel_0/ar_cmd_fsm_0/m_valid_i_reg[0]                       |                                                                                                                                                  |                8 |             32 |         4.00 |
|  top_i/processing_system7_0/inst/FCLK_CLK0 | top_i/duc/DUC_module_0/inst/u_CIC_2/stateControl_1                                                                                                        | top_i/duc/DUC_module_0/inst/u_CIC_2/RSTP                                                                                                         |                9 |             34 |         3.78 |
|  top_i/processing_system7_0/inst/FCLK_CLK0 | top_i/duc/Signal_Source_module_0/inst/u_single_tone_500_1k/u_NCO2/u_dither_inst/E[0]                                                                      | top_i/duc/Signal_Source_module_0/inst/u_single_tone_500_1k/u_NCO2/u_dither_inst/rst_n_0                                                          |               13 |             38 |         2.92 |
|  top_i/processing_system7_0/inst/FCLK_CLK0 | top_i/ps7_0_axi_periph/s00_couplers/auto_pc/inst/gen_axilite.gen_b2s_conv.axilite_b2s/SI_REG/r.r_pipe/s_ready_i_reg_0                                     |                                                                                                                                                  |                8 |             45 |         5.62 |
|  top_i/processing_system7_0/inst/FCLK_CLK0 | top_i/ps7_0_axi_periph/s00_couplers/auto_pc/inst/gen_axilite.gen_b2s_conv.axilite_b2s/SI_REG/r.r_pipe/p_1_in                                              |                                                                                                                                                  |                7 |             45 |         6.43 |
|  top_i/processing_system7_0/inst/FCLK_CLK0 | top_i/duc/DUC_module_0/inst/u_Halfband_Filter_1/delayLineShiftEn2_1__0                                                                                    |                                                                                                                                                  |                6 |             48 |         8.00 |
|  top_i/processing_system7_0/inst/FCLK_CLK0 | top_i/duc/DUC_module_0/inst/u_Halfband_Filter_1/delayLineShiftEn1_1                                                                                       |                                                                                                                                                  |                6 |             48 |         8.00 |
|  top_i/processing_system7_0/inst/FCLK_CLK0 | top_i/duc/DUC_module_0/inst/u_CIC_Comp_Filter_1/delayLineShiftEn2_1__0                                                                                    |                                                                                                                                                  |                6 |             48 |         8.00 |
|  top_i/processing_system7_0/inst/FCLK_CLK0 |                                                                                                                                                           | top_i/duc/AM_module_0/inst/u_carrier1/SR[0]                                                                                                      |               14 |             48 |         3.43 |
|  top_i/processing_system7_0/inst/FCLK_CLK0 | top_i/duc/DUC_module_0/inst/u_CIC_Comp_Filter_2/delayLineShiftEn1_1                                                                                       |                                                                                                                                                  |                6 |             48 |         8.00 |
|  top_i/processing_system7_0/inst/FCLK_CLK0 | top_i/duc/DUC_module_0/inst/u_CIC_Comp_Filter_2/delayLineShiftEn2_1__0                                                                                    |                                                                                                                                                  |                6 |             48 |         8.00 |
|  top_i/processing_system7_0/inst/FCLK_CLK0 | top_i/duc/DUC_module_0/inst/u_Halfband_Filter_2/delayLineShiftEn2_1__0                                                                                    |                                                                                                                                                  |                6 |             48 |         8.00 |
|  top_i/processing_system7_0/inst/FCLK_CLK0 | top_i/duc/DUC_module_0/inst/u_Halfband_Filter_2/delayLineShiftEn1_1                                                                                       |                                                                                                                                                  |                6 |             48 |         8.00 |
|  top_i/processing_system7_0/inst/FCLK_CLK0 | top_i/duc/DUC_module_0/inst/u_CIC_Comp_Filter_1/delayLineShiftEn1_1                                                                                       |                                                                                                                                                  |                6 |             48 |         8.00 |
|  top_i/processing_system7_0/inst/FCLK_CLK0 | top_i/duc/DUC_module_0/inst/u_DUC_module_tc/phase_0_1                                                                                                     | top_i/duc/DUC_module_0/inst/u_CIC_2/RSTP                                                                                                         |               31 |            122 |         3.94 |
|  top_i/processing_system7_0/inst/FCLK_CLK0 | top_i/duc/DUC_module_0/inst/u_DUC_module_tc/IS_Section_5_delay                                                                                            | top_i/duc/DUC_module_0/inst/u_CIC_2/RSTP                                                                                                         |               35 |            138 |         3.94 |
|  top_i/processing_system7_0/inst/FCLK_CLK0 | top_i/duc/DUC_module_0/inst/u_DUC_module_tc/phase_0                                                                                                       | top_i/duc/DUC_module_0/inst/u_CIC_2/RSTP                                                                                                         |               31 |            140 |         4.52 |
|  top_i/processing_system7_0/inst/FCLK_CLK0 |                                                                                                                                                           | top_i/duc/Signal_Source_module_0/inst/u_single_tone_500_1k/u_NCO2/u_dither_inst/rst_n_0                                                          |               85 |            321 |         3.78 |
|  top_i/processing_system7_0/inst/FCLK_CLK0 |                                                                                                                                                           | top_i/duc/AM_module_0/inst/u_carrier1/u_dither_inst/SR[0]                                                                                        |               80 |            363 |         4.54 |
|  top_i/processing_system7_0/inst/FCLK_CLK0 |                                                                                                                                                           |                                                                                                                                                  |              262 |           1062 |         4.05 |
|  top_i/processing_system7_0/inst/FCLK_CLK0 |                                                                                                                                                           | top_i/duc/DUC_module_0/inst/u_CIC_2/RSTP                                                                                                         |              501 |           2347 |         4.68 |
+--------------------------------------------+-----------------------------------------------------------------------------------------------------------------------------------------------------------+--------------------------------------------------------------------------------------------------------------------------------------------------+------------------+----------------+--------------+


