
*** Running vivado
    with args -log top_util_vector_logic_0_1.vds -m64 -product Vivado -mode batch -messageDb vivado.pb -notrace -source top_util_vector_logic_0_1.tcl


ECHO 뇹黨밑균榴檄。
ECHO 뇹黨밑균榴檄。

****** Vivado v2023.1 (64-bit)
  **** SW Build 3865809 on Sun May  7 15:05:29 MDT 2023
  **** IP Build 3864474 on Sun May  7 20:36:21 MDT 2023
  **** SharedData Build 3865790 on Sun May 07 13:33:03 MDT 2023
    ** Copyright 1986-2022 Xilinx, Inc. All Rights Reserved.
    ** Copyright 2022-2023 Advanced Micro Devices, Inc. All Rights Reserved.

source top_util_vector_logic_0_1.tcl -notrace
create_project: Time (s): cpu = 00:00:08 ; elapsed = 00:00:09 . Memory (MB): peak = 452.898 ; gain = 162.926
INFO: [IP_Flow 19-6924] IPCACHE: Running cache check for IP inst: top_util_vector_logic_0_1
INFO: [IP_Flow 19-6922] IPCACHE: Exporting cached entry fee9f7fce96ccdc7 to dir: D:/Desktop/Mul_Freq_DUC/2024-Multi-frequency-DUC/vivado1/DUC_AM.runs/top_util_vector_logic_0_1_synth_1
INFO: [IP_Flow 19-6928] IPCACHE: copied cached file d:/Desktop/Mul_Freq_DUC/2024-Multi-frequency-DUC/vivado1/DUC_AM.cache/ip/2023.1/f/e/fee9f7fce96ccdc7/top_util_vector_logic_0_0.dcp to D:/Desktop/Mul_Freq_DUC/2024-Multi-frequency-DUC/vivado1/DUC_AM.runs/top_util_vector_logic_0_1_synth_1/top_util_vector_logic_0_1.dcp.
INFO: [IP_Flow 19-6928] IPCACHE: copied cached file d:/Desktop/Mul_Freq_DUC/2024-Multi-frequency-DUC/vivado1/DUC_AM.cache/ip/2023.1/f/e/fee9f7fce96ccdc7/top_util_vector_logic_0_0_sim_netlist.v to D:/Desktop/Mul_Freq_DUC/2024-Multi-frequency-DUC/vivado1/DUC_AM.runs/top_util_vector_logic_0_1_synth_1/top_util_vector_logic_0_1_sim_netlist.v.
INFO: [IP_Flow 19-6928] IPCACHE: copied cached file d:/Desktop/Mul_Freq_DUC/2024-Multi-frequency-DUC/vivado1/DUC_AM.cache/ip/2023.1/f/e/fee9f7fce96ccdc7/top_util_vector_logic_0_0_sim_netlist.vhdl to D:/Desktop/Mul_Freq_DUC/2024-Multi-frequency-DUC/vivado1/DUC_AM.runs/top_util_vector_logic_0_1_synth_1/top_util_vector_logic_0_1_sim_netlist.vhdl.
INFO: [IP_Flow 19-6928] IPCACHE: copied cached file d:/Desktop/Mul_Freq_DUC/2024-Multi-frequency-DUC/vivado1/DUC_AM.cache/ip/2023.1/f/e/fee9f7fce96ccdc7/top_util_vector_logic_0_0_stub.v to D:/Desktop/Mul_Freq_DUC/2024-Multi-frequency-DUC/vivado1/DUC_AM.runs/top_util_vector_logic_0_1_synth_1/top_util_vector_logic_0_1_stub.v.
INFO: [IP_Flow 19-6928] IPCACHE: copied cached file d:/Desktop/Mul_Freq_DUC/2024-Multi-frequency-DUC/vivado1/DUC_AM.cache/ip/2023.1/f/e/fee9f7fce96ccdc7/top_util_vector_logic_0_0_stub.vhdl to D:/Desktop/Mul_Freq_DUC/2024-Multi-frequency-DUC/vivado1/DUC_AM.runs/top_util_vector_logic_0_1_synth_1/top_util_vector_logic_0_1_stub.vhdl.
INFO: [IP_Flow 19-4838] Using cached IP synthesis design for IP top_util_vector_logic_0_1, cache-ID = fee9f7fce96ccdc7.
INFO: [Common 17-206] Exiting Vivado at Fri Jan 10 22:18:18 2025...
